<?xml version="1.0" encoding="UTF-8"?>
<!-- Generated by org.testng.reporters.JUnitXMLReporter -->
<testsuite ignored="0" hostname="DESKTOP-6CPCAFM" failures="0" tests="1" name="EdgeTests" time="0.038" errors="0" timestamp="2021-03-25T10:42:12 MDT">
  <testcase classname="testBase.BaseClass" name="@BeforeClass setup" time="0.001">
    <failure type="java.lang.NullPointerException" message="Cannot invoke &amp;quot;org.openqa.selenium.WebDriver.manage()&amp;quot; because &amp;quot;this.driver&amp;quot; is null">
      <![CDATA[java.lang.NullPointerException: Cannot invoke "org.openqa.selenium.WebDriver.manage()" because "this.driver" is null
at testBase.BaseClass.setup(BaseClass.java:55)
at java.base/java.util.ArrayList.forEach(ArrayList.java:1511)
... Removed 25 stack frames]]>
    </failure>
  </testcase> <!-- @BeforeClass setup -->
  <testcase classname="testBase.BaseClass" name="@AfterClass tearDown" time="-1.616690532443E9">
    <skipped/>
  </testcase> <!-- @AfterClass tearDown -->
  <testcase classname="testCases.TC_001_AccountRegistration" name="test_accout_Registration" time="0.0">
    <skipped/>
  </testcase> <!-- test_accout_Registration -->
</testsuite> <!-- EdgeTests -->
