<?xml version="1.0" encoding="UTF-8"?>
<!-- Generated by org.testng.reporters.JUnitXMLReporter -->
<testsuite hostname="DESKTOP-6CPCAFM" ignored="1" name="OpenCart Tests" tests="2" failures="0" timestamp="2021-03-30T10:31:51 MDT" time="99.81" errors="0">
  <testcase name="test_accout_Registration" time="22.903" classname="testCases.TC_001_AccountRegistration"/>
  <testcase name="test_Login" time="18.917" classname="testCases.TC_002_Login"/>
  <testcase name="test_LoginDDT" time="0.0" classname="testCases.TC_003_LoginDDT">
    <ignored/>
  </testcase> <!-- test_LoginDDT -->
</testsuite> <!-- OpenCart Tests -->
